TN:
SF:src\services\constructorSlice.ts
FN:19,(anonymous_2)
FN:26,(anonymous_3)
FN:31,(anonymous_4)
FN:33,(anonymous_5)
FN:36,(anonymous_6)
FN:45,(anonymous_7)
FN:59,(anonymous_8)
FN:63,(anonymous_9)
FN:67,(anonymous_10)
FN:73,(anonymous_11)
FNF:10
FNH:6
FNDA:2,(anonymous_2)
FNDA:2,(anonymous_3)
FNDA:1,(anonymous_4)
FNDA:1,(anonymous_5)
FNDA:1,(anonymous_6)
FNDA:1,(anonymous_7)
FNDA:0,(anonymous_8)
FNDA:0,(anonymous_9)
FNDA:0,(anonymous_10)
FNDA:0,(anonymous_11)
DA:1,1
DA:9,1
DA:14,1
DA:20,2
DA:21,1
DA:23,1
DA:27,2
DA:28,2
DA:32,1
DA:33,1
DA:40,1
DA:41,1
DA:42,1
DA:43,1
DA:46,1
DA:47,1
DA:53,1
DA:59,1
DA:61,0
DA:63,1
DA:65,0
DA:67,1
DA:70,0
DA:71,0
DA:72,0
DA:73,0
DA:76,0
DA:79,1
LF:28
LH:21
BRDA:20,0,0,1
BRDA:20,0,1,1
BRDA:71,1,0,0
BRDA:71,1,1,0
BRF:4
BRH:2
end_of_record
TN:
SF:src\services\ingredientsSlice.ts
FN:7,(anonymous_13)
FN:29,(anonymous_16)
FN:31,(anonymous_17)
FN:35,(anonymous_18)
FN:39,(anonymous_19)
FN:47,(anonymous_20)
FNF:6
FNH:4
FNDA:0,(anonymous_13)
FNDA:1,(anonymous_16)
FNDA:1,(anonymous_17)
FNDA:1,(anonymous_18)
FNDA:1,(anonymous_19)
FNDA:0,(anonymous_20)
DA:1,1
DA:2,1
DA:5,1
DA:7,0
DA:8,0
DA:9,0
DA:19,1
DA:25,1
DA:30,1
DA:32,1
DA:33,1
DA:36,1
DA:37,1
DA:40,1
DA:41,1
DA:47,1
DA:49,0
DA:51,1
LF:18
LH:14
BRDA:8,0,0,0
BRDA:42,1,0,1
BRDA:42,1,1,0
BRF:3
BRH:1
end_of_record
TN:
SF:src\utils\burger-api.ts
FN:6,(anonymous_13)
FN:7,(anonymous_14)
FN:18,(anonymous_15)
FN:28,(anonymous_16)
FN:29,(anonymous_17)
FN:38,(anonymous_18)
FN:40,(anonymous_19)
FN:74,(anonymous_21)
FN:76,(anonymous_22)
FN:77,(anonymous_23)
FN:82,(anonymous_24)
FN:84,(anonymous_25)
FN:85,(anonymous_26)
FN:90,(anonymous_27)
FN:97,(anonymous_28)
FN:125,(anonymous_29)
FN:135,(anonymous_30)
FN:144,(anonymous_31)
FN:150,(anonymous_32)
FN:164,(anonymous_33)
FN:172,(anonymous_34)
FN:173,(anonymous_35)
FN:183,(anonymous_36)
FN:191,(anonymous_37)
FN:192,(anonymous_38)
FN:197,(anonymous_39)
FN:205,(anonymous_40)
FN:206,(anonymous_41)
FN:211,(anonymous_42)
FN:219,(anonymous_43)
FN:220,(anonymous_44)
FN:227,(anonymous_45)
FN:234,(anonymous_46)
FN:244,(anonymous_47)
FN:253,(anonymous_48)
FNF:35
FNH:0
FNDA:0,(anonymous_13)
FNDA:0,(anonymous_14)
FNDA:0,(anonymous_15)
FNDA:0,(anonymous_16)
FNDA:0,(anonymous_17)
FNDA:0,(anonymous_18)
FNDA:0,(anonymous_19)
FNDA:0,(anonymous_21)
FNDA:0,(anonymous_22)
FNDA:0,(anonymous_23)
FNDA:0,(anonymous_24)
FNDA:0,(anonymous_25)
FNDA:0,(anonymous_26)
FNDA:0,(anonymous_27)
FNDA:0,(anonymous_28)
FNDA:0,(anonymous_29)
FNDA:0,(anonymous_30)
FNDA:0,(anonymous_31)
FNDA:0,(anonymous_32)
FNDA:0,(anonymous_33)
FNDA:0,(anonymous_34)
FNDA:0,(anonymous_35)
FNDA:0,(anonymous_36)
FNDA:0,(anonymous_37)
FNDA:0,(anonymous_38)
FNDA:0,(anonymous_39)
FNDA:0,(anonymous_40)
FNDA:0,(anonymous_41)
FNDA:0,(anonymous_42)
FNDA:0,(anonymous_43)
FNDA:0,(anonymous_44)
FNDA:0,(anonymous_45)
FNDA:0,(anonymous_46)
FNDA:0,(anonymous_47)
FNDA:0,(anonymous_48)
DA:1,1
DA:4,1
DA:6,1
DA:7,0
DA:18,1
DA:19,0
DA:28,0
DA:30,0
DA:31,0
DA:33,0
DA:34,0
DA:35,0
DA:38,1
DA:40,0
DA:43,0
DA:44,0
DA:46,0
DA:47,0
DA:48,0
DA:49,0
DA:52,0
DA:53,0
DA:55,0
DA:74,1
DA:75,0
DA:76,0
DA:78,0
DA:79,0
DA:82,1
DA:83,0
DA:84,0
DA:86,0
DA:87,0
DA:90,1
DA:91,0
DA:98,0
DA:99,0
DA:125,1
DA:126,0
DA:136,0
DA:137,0
DA:144,1
DA:145,0
DA:150,0
DA:164,1
DA:165,0
DA:172,0
DA:174,0
DA:175,0
DA:183,1
DA:184,0
DA:191,0
DA:193,0
DA:194,0
DA:197,1
DA:198,0
DA:205,0
DA:207,0
DA:208,0
DA:211,1
DA:212,0
DA:219,0
DA:221,0
DA:222,0
DA:227,1
DA:228,0
DA:234,1
DA:235,0
DA:244,1
DA:245,0
DA:253,0
LF:71
LH:17
BRDA:4,0,0,1
BRDA:4,0,1,1
BRDA:7,1,0,0
BRDA:7,1,1,0
BRDA:30,2,0,0
BRDA:44,3,0,0
BRDA:44,3,1,0
BRDA:44,3,2,0
BRDA:46,4,0,0
BRDA:48,5,0,0
BRDA:78,6,0,0
BRDA:78,7,0,0
BRDA:78,7,1,0
BRDA:78,8,0,0
BRDA:78,8,1,0
BRDA:86,9,0,0
BRDA:86,10,0,0
BRDA:86,10,1,0
BRDA:86,11,0,0
BRDA:86,11,1,0
BRDA:98,12,0,0
BRDA:98,13,0,0
BRDA:98,13,1,0
BRDA:98,14,0,0
BRDA:98,14,1,0
BRDA:136,15,0,0
BRDA:136,16,0,0
BRDA:136,16,1,0
BRDA:136,17,0,0
BRDA:136,17,1,0
BRDA:174,18,0,0
BRDA:174,19,0,0
BRDA:174,19,1,0
BRDA:174,20,0,0
BRDA:174,20,1,0
BRDA:193,21,0,0
BRDA:193,22,0,0
BRDA:193,22,1,0
BRDA:193,23,0,0
BRDA:193,23,1,0
BRDA:207,24,0,0
BRDA:207,25,0,0
BRDA:207,25,1,0
BRDA:207,26,0,0
BRDA:207,26,1,0
BRDA:221,27,0,0
BRDA:221,28,0,0
BRDA:221,28,1,0
BRDA:221,29,0,0
BRDA:221,29,1,0
BRF:50
BRH:2
end_of_record
TN:
SF:src\utils\cookie.ts
FN:1,getCookie
FN:13,setCookie
FN:45,deleteCookie
FNF:3
FNH:0
FNDA:0,getCookie
FNDA:0,setCookie
FNDA:0,deleteCookie
DA:1,1
DA:2,0
DA:10,0
DA:13,1
DA:16,0
DA:18,0
DA:23,0
DA:24,0
DA:25,0
DA:26,0
DA:27,0
DA:30,0
DA:31,0
DA:33,0
DA:34,0
DA:35,0
DA:36,0
DA:37,0
DA:38,0
DA:39,0
DA:42,0
DA:45,1
DA:46,0
LF:23
LH:3
BRDA:10,0,0,0
BRDA:10,0,1,0
BRDA:16,1,0,0
BRDA:24,2,0,0
BRDA:24,3,0,0
BRDA:24,3,1,0
BRDA:30,4,0,0
BRDA:30,5,0,0
BRDA:30,5,1,0
BRDA:38,6,0,0
BRF:10
BRH:0
end_of_record
